Thu, 26 Mar 2020 07:52:06 GMT - Info - Server is running on port: 3030
Thu, 26 Mar 2020 10:15:43 GMT - Error - Cannot get boards
Thu, 26 Mar 2020 15:54:24 GMT - Debug - כככ, כככ, כככ, undefined
Thu, 26 Mar 2020 15:54:24 GMT - Debug - auth.service - signup with email: כככ, username: כככ
Thu, 26 Mar 2020 15:54:25 GMT - Debug - auth.route - new account created: [{"_id":"5e7cd0303b47246d7c2c12a0","email":"כככ","name":"כככ","img":"/cloudinary/","hashPassword":"$2b$10$szwSPwv.NS0J1KF4lwlWkuUC/spfm3MCOpr5lUg0ES1NY7bPuVvou","boards":[{"_id":"5e7377611c9d4400009f5d97","name":"proj1","background":"#545454"}],"alerts":[{"_id":"5e7cd0303b47246d7c2c12a1","alertForUser":"the color change","isReade":"false","task":{"id":"","name":""},"taskList":{"id":"","name":""},"board":{"_id":"false","name":"","background":""},"user":{"_id":"","name":"","img":"/cloudinary/"}}],"comments":[{"_id":"5e7cd0303b47246d7c2c12a2","txt":"txt","isReade":"false","taskList":{"id":"","name":""},"board":{"_id":"false","name":"","background":""},"user":{"_id":"","name":"","img":"/cloudinary/"}}],"__v":0}]
Thu, 26 Mar 2020 15:54:25 GMT - Debug - auth.service - login with email: כככ
Thu, 26 Mar 2020 16:30:07 GMT - Debug - auth.service - login with email: כככ
Thu, 26 Mar 2020 16:35:17 GMT - Info - Server is running on port: 3030
Fri, 27 Mar 2020 09:28:29 GMT - Debug - ccc, cbtgr, ccc, undefined
Fri, 27 Mar 2020 09:28:29 GMT - Debug - auth.service - signup with email: ccc, username: cbtgr
Fri, 27 Mar 2020 09:28:29 GMT - Debug - auth.route - new account created: [{"_id":"5e7dc73de550463f14cf0d91","email":"ccc","name":"cbtgr","img":"/cloudinary/","hashPassword":"$2b$10$axaRgHVKibVEUPZ1Aw.Cm.faFNUHuRrCVSocgw6OrlvFDrWvH5hZW","boards":[{"_id":"5e7377611c9d4400009f5d97","name":"proj1","background":"#545454"}],"alerts":[{"_id":"5e7dc73de550463f14cf0d92","alertForUser":"the color change","isReade":"false","task":{"id":"","name":""},"taskList":{"id":"","name":""},"board":{"_id":"false","name":"","background":""},"user":{"_id":"","name":"","img":"/cloudinary/"}}],"comments":[{"_id":"5e7dc73de550463f14cf0d93","txt":"txt","isReade":"false","taskList":{"id":"","name":""},"board":{"_id":"false","name":"","background":""},"user":{"_id":"","name":"","img":"/cloudinary/"}}],"__v":0}]
Fri, 27 Mar 2020 09:28:29 GMT - Debug - auth.service - login with email: ccc
Sat, 28 Mar 2020 13:41:53 GMT - Info - Server is running on port: 3030
Sat, 28 Mar 2020 13:42:29 GMT - Debug - kfffk, fmisfim, mimsg, undefined
Sat, 28 Mar 2020 13:42:29 GMT - Debug - auth.service - signup with email: kfffk, username: fmisfim
Sat, 28 Mar 2020 13:42:30 GMT - Debug - auth.route - new account created: [{"_id":"5e7f544557a1001ae4dae3cb","email":"kfffk","name":"fmisfim","img":"/cloudinary/","hashPassword":"$2b$10$TEAc5zIIXa8aHfMMpDgFqOt8Zx21BtpCjJjgh5Cq7.XpQne.9TDYC","boards":[{"_id":"5e7377611c9d4400009f5d97","name":"proj1","background":"#545454"}],"alerts":[{"_id":"5e7f544557a1001ae4dae3cc","alertForUser":"the color change","isReade":"false","task":{"id":"","name":""},"taskList":{"id":"","name":""},"board":{"_id":"false","name":"","background":""},"user":{"_id":"","name":"","img":"/cloudinary/"}}],"comments":[{"_id":"5e7f544557a1001ae4dae3cd","txt":"txt","isReade":"false","taskList":{"id":"","name":""},"board":{"_id":"false","name":"","background":""},"user":{"_id":"","name":"","img":"/cloudinary/"}}],"__v":0}]
Sat, 28 Mar 2020 13:42:30 GMT - Debug - auth.service - login with email: kfffk
Sat, 28 Mar 2020 14:23:45 GMT - Debug - ffff, ffffff, ffffff, undefined
Sat, 28 Mar 2020 14:23:45 GMT - Debug - auth.service - signup with email: ffff, username: ffffff
Sat, 28 Mar 2020 14:23:45 GMT - Debug - auth.route - new account created: [{"_id":"5e7f5df157a1001ae4dae4b3","email":"ffff","name":"ffffff","img":"/cloudinary/","hashPassword":"$2b$10$K8p/fchA3bLcZXNPqU55huupcKD4rZHtmK/DlE7.QJBBQ0dARxB7i","boards":[{"_id":"5e7377611c9d4400009f5d97","name":"proj1","background":"#545454"}],"alerts":[{"_id":"5e7f5df157a1001ae4dae4b4","alertForUser":"the color change","isReade":"false","task":{"id":"","name":""},"taskList":{"id":"","name":""},"board":{"_id":"false","name":"","background":""},"user":{"_id":"","name":"","img":"/cloudinary/"}}],"comments":[{"_id":"5e7f5df157a1001ae4dae4b5","txt":"txt","isReade":"false","taskList":{"id":"","name":""},"board":{"_id":"false","name":"","background":""},"user":{"_id":"","name":"","img":"/cloudinary/"}}],"__v":0}]
Sat, 28 Mar 2020 14:23:45 GMT - Debug - auth.service - login with email: ffff
Sat, 28 Mar 2020 14:24:28 GMT - Debug - sfsdfsdf, smkdgmksdm, gksmksdmk, undefined
Sat, 28 Mar 2020 14:24:28 GMT - Debug - auth.service - signup with email: sfsdfsdf, username: smkdgmksdm
Sat, 28 Mar 2020 14:24:28 GMT - Debug - auth.route - new account created: [{"_id":"5e7f5e1c57a1001ae4dae4b6","email":"sfsdfsdf","name":"smkdgmksdm","img":"/cloudinary/","hashPassword":"$2b$10$CuXatY2VIxYKe.GHc1er4OtKBaNp3RxWwGrGIzJ0RnXDGIS6.PPGS","boards":[{"_id":"5e7377611c9d4400009f5d97","name":"proj1","background":"#545454"}],"alerts":[{"_id":"5e7f5e1c57a1001ae4dae4b7","alertForUser":"the color change","isReade":"false","task":{"id":"","name":""},"taskList":{"id":"","name":""},"board":{"_id":"false","name":"","background":""},"user":{"_id":"","name":"","img":"/cloudinary/"}}],"comments":[{"_id":"5e7f5e1c57a1001ae4dae4b8","txt":"txt","isReade":"false","taskList":{"id":"","name":""},"board":{"_id":"false","name":"","background":""},"user":{"_id":"","name":"","img":"/cloudinary/"}}],"__v":0}]
Sat, 28 Mar 2020 14:24:28 GMT - Debug - auth.service - login with email: sfsdfsdf
Sat, 28 Mar 2020 14:54:13 GMT - Debug - כדגכדע, עגכגכ', געכגדד, undefined
Sat, 28 Mar 2020 14:54:13 GMT - Debug - auth.service - signup with email: כדגכדע, username: עגכגכ'
Sat, 28 Mar 2020 14:54:14 GMT - Debug - auth.route - new account created: [{"_id":"5e7f651657a1001ae4dae579","email":"כדגכדע","name":"עגכגכ'","img":"/cloudinary/","hashPassword":"$2b$10$6chyTcq0N9UYSraf9A7WH.L2MWilY6M2PEQWMjBxIpYbtlzzBIOs2","boards":[{"_id":"5e7377611c9d4400009f5d97","name":"proj1","background":"#545454"}],"alerts":[{"_id":"5e7f651657a1001ae4dae57a","alertForUser":"the color change","isReade":"false","task":{"id":"","name":""},"taskList":{"id":"","name":""},"board":{"_id":"false","name":"","background":""},"user":{"_id":"","name":"","img":"/cloudinary/"}}],"comments":[{"_id":"5e7f651657a1001ae4dae57b","txt":"txt","isReade":"false","taskList":{"id":"","name":""},"board":{"_id":"false","name":"","background":""},"user":{"_id":"","name":"","img":"/cloudinary/"}}],"__v":0}]
Sat, 28 Mar 2020 14:54:14 GMT - Debug - auth.service - login with email: כדגכדע
Sat, 28 Mar 2020 15:11:10 GMT - Debug - ksgmpsdmg, klmbldm, kmlb;ds, undefined
Sat, 28 Mar 2020 15:11:10 GMT - Debug - auth.service - signup with email: ksgmpsdmg, username: klmbldm
Sat, 28 Mar 2020 15:11:10 GMT - Debug - auth.route - new account created: [{"_id":"5e7f690e57a1001ae4dae591","email":"ksgmpsdmg","name":"klmbldm","img":"/cloudinary/","hashPassword":"$2b$10$2yYPhEEobB7jQkL6Am6uouzRe7cRmFMGogR9Krqm0dl.JoaRFb7BC","boards":[{"_id":"5e7377611c9d4400009f5d97","name":"proj1","background":"#545454"}],"alerts":[{"_id":"5e7f690e57a1001ae4dae592","alertForUser":"the color change","isReade":"false","task":{"id":"","name":""},"taskList":{"id":"","name":""},"board":{"_id":"false","name":"","background":""},"user":{"_id":"","name":"","img":"/cloudinary/"}}],"comments":[{"_id":"5e7f690e57a1001ae4dae593","txt":"txt","isReade":"false","taskList":{"id":"","name":""},"board":{"_id":"false","name":"","background":""},"user":{"_id":"","name":"","img":"/cloudinary/"}}],"__v":0}]
Sat, 28 Mar 2020 15:11:10 GMT - Debug - auth.service - login with email: ksgmpsdmg
Sat, 28 Mar 2020 15:15:35 GMT - Debug - zvzvz, vvvv, sdsdf, undefined
Sat, 28 Mar 2020 15:15:35 GMT - Debug - auth.service - signup with email: zvzvz, username: vvvv
Sat, 28 Mar 2020 15:15:35 GMT - Debug - auth.route - new account created: [{"_id":"5e7f6a1757a1001ae4dae594","email":"zvzvz","name":"vvvv","img":"/cloudinary/","hashPassword":"$2b$10$FEv1ri7nuPo7.6BuTzjQDuSbhvgDUXCqflag7Dj28SytVVNiq6Cli","boards":[{"_id":"5e7377611c9d4400009f5d97","name":"proj1","background":"#545454"}],"alerts":[{"_id":"5e7f6a1757a1001ae4dae595","alertForUser":"the color change","isReade":"false","task":{"id":"","name":""},"taskList":{"id":"","name":""},"board":{"_id":"false","name":"","background":""},"user":{"_id":"","name":"","img":"/cloudinary/"}}],"comments":[{"_id":"5e7f6a1757a1001ae4dae596","txt":"txt","isReade":"false","taskList":{"id":"","name":""},"board":{"_id":"false","name":"","background":""},"user":{"_id":"","name":"","img":"/cloudinary/"}}],"__v":0}]
Sat, 28 Mar 2020 15:15:35 GMT - Debug - auth.service - login with email: zvzvz
Sat, 28 Mar 2020 16:50:02 GMT - Debug - faskfmasklfm, klemglkrmg, lker lk, undefined
Sat, 28 Mar 2020 16:50:02 GMT - Debug - auth.service - signup with email: faskfmasklfm, username: klemglkrmg
Sat, 28 Mar 2020 16:50:03 GMT - Debug - auth.route - new account created: [{"_id":"5e7f803a57a1001ae4dae5fc","email":"faskfmasklfm","name":"klemglkrmg","img":"/cloudinary/","hashPassword":"$2b$10$A9FCChjPG8ZrjKy2cykFV.AmqKd5fS8.19flvZL3/ynffSnzWHaxu","boards":[{"_id":"5e7377611c9d4400009f5d97","name":"proj1","background":"#545454"}],"alerts":[{"_id":"5e7f803a57a1001ae4dae5fd","alertForUser":"the color change","isReade":"false","task":{"id":"","name":""},"taskList":{"id":"","name":""},"board":{"_id":"false","name":"","background":""},"user":{"_id":"","name":"","img":"/cloudinary/"}}],"comments":[{"_id":"5e7f803a57a1001ae4dae5fe","txt":"txt","isReade":"false","taskList":{"id":"","name":""},"board":{"_id":"false","name":"","background":""},"user":{"_id":"","name":"","img":"/cloudinary/"}}],"__v":0}]
Sat, 28 Mar 2020 16:50:03 GMT - Debug - auth.service - login with email: faskfmasklfm
Sat, 28 Mar 2020 17:28:20 GMT - Debug - miemg@gmail.com, itsjf, mergoierm, undefined
Sat, 28 Mar 2020 17:28:20 GMT - Debug - auth.service - signup with email: miemg@gmail.com, username: itsjf
Sat, 28 Mar 2020 17:28:21 GMT - Debug - auth.route - new account created: [{"_id":"5e7f893457a1001ae4dae5ff","email":"miemg@gmail.com","name":"itsjf","img":"/cloudinary/","hashPassword":"$2b$10$8j486VJVlXpeawjK7uyLUOxx5HviKZS6e1w/J9wfQiXZ7KjJtpaZe","boards":[{"_id":"5e7377611c9d4400009f5d97","name":"proj1","background":"#545454"}],"alerts":[{"_id":"5e7f893457a1001ae4dae600","alertForUser":"the color change","isReade":"false","task":{"id":"","name":""},"taskList":{"id":"","name":""},"board":{"_id":"false","name":"","background":""},"user":{"_id":"","name":"","img":"/cloudinary/"}}],"comments":[{"_id":"5e7f893457a1001ae4dae601","txt":"txt","isReade":"false","taskList":{"id":"","name":""},"board":{"_id":"false","name":"","background":""},"user":{"_id":"","name":"","img":"/cloudinary/"}}],"__v":0}]
Sat, 28 Mar 2020 17:28:21 GMT - Debug - auth.service - login with email: miemg@gmail.com
Sat, 28 Mar 2020 20:55:34 GMT - Error - Cannot get boards
Sat, 28 Mar 2020 20:56:57 GMT - Error - Cannot get boards
Sat, 28 Mar 2020 20:57:50 GMT - Error - Cannot get boards
Sun, 29 Mar 2020 07:19:36 GMT - Error - Cannot get boards
Sun, 29 Mar 2020 07:20:20 GMT - Error - Cannot get boards
Sun, 29 Mar 2020 07:25:31 GMT - Error - Cannot get boards
Sun, 29 Mar 2020 07:31:26 GMT - Info - Server is running on port: 3030
Sun, 29 Mar 2020 07:46:24 GMT - Info - Server is running on port: 3030
Sun, 29 Mar 2020 07:48:24 GMT - Info - Server is running on port: 3030
Sun, 29 Mar 2020 07:49:36 GMT - Info - Server is running on port: 3030
Sun, 29 Mar 2020 07:51:18 GMT - Info - Server is running on port: 3030
Sun, 29 Mar 2020 07:54:34 GMT - Info - Server is running on port: 3030
Sun, 29 Mar 2020 09:49:59 GMT - Debug - auth.service - login with email: admin@gmail.com
Sun, 29 Mar 2020 09:50:59 GMT - Debug - new user:admin@gmail.com, admin2
Sun, 29 Mar 2020 09:50:59 GMT - Debug - auth.service - signup with email: admin@gmail.com, username: admin2
Sun, 29 Mar 2020 09:50:59 GMT - Debug - auth.service - login with email: admin@gmail.com
Sun, 29 Mar 2020 10:17:29 GMT - Debug - auth.service - login with email: admin2@gmail.com
Sun, 29 Mar 2020 10:27:29 GMT - Debug - new user:ijsidfj@gmail.com, hello world
Sun, 29 Mar 2020 10:27:29 GMT - Debug - auth.service - signup with email: ijsidfj@gmail.com, username: hello world
Sun, 29 Mar 2020 10:27:30 GMT - Debug - auth.service - login with email: ijsidfj@gmail.com
